<?xml version="1.0" encoding="UTF-8"?>
<testsuite xmlns:xsi="http://www.w3.org/2001/XMLSchema-instance" xsi:schemaLocation="https://maven.apache.org/surefire/maven-surefire-plugin/xsd/surefire-test-report.xsd" name="org.example.SerenityRunner" time="253.121" tests="66" errors="0" skipped="0" failures="0">
  <properties>
[...]
</properties>
  <testcase name="user is on login page" classname="Long press on list menu" time="0.087"/>
  <testcase name="user input username &quot;admin&quot;" classname="Long press on list menu" time="1.432"/>
  <testcase name="user input password &quot;admin&quot;" classname="Long press on list menu" time="1.367"/>
  <testcase name="user click button login" classname="Long press on list menu" time="0.824"/>
  <testcase name="user click navigation menu and click list menu" classname="Long press on list menu" time="2.109"/>
  <testcase name="user doing long press on list menu" classname="Long press on list menu" time="7.942"/>
  <testcase name="Long press on list menu" classname="Long press on list menu" time="9.966"/>
  <testcase name="user is on login page" classname="Multiple times on list menu" time="0.002"/>
  <testcase name="user input username &quot;admin&quot;" classname="Multiple times on list menu" time="0.791"/>
  <testcase name="user input password &quot;admin&quot;" classname="Multiple times on list menu" time="1.36"/>
  <testcase name="user click button login" classname="Multiple times on list menu" time="0.182"/>
  <testcase name="user click navigation menu and click list menu" classname="Multiple times on list menu" time="2.708"/>
  <testcase name="user doing multiple times on list menu" classname="Multiple times on list menu" time="2.379"/>
  <testcase name="Multiple times on list menu" classname="Multiple times on list menu" time="4.178"/>
  <testcase name="user is on login page" classname="Verify user successfully login when input valid email and password" time="0.012"/>
  <testcase name="user input username &quot;admin&quot;" classname="Verify user successfully login when input valid email and password" time="0.816"/>
  <testcase name="user input password &quot;admin&quot;" classname="Verify user successfully login when input valid email and password" time="0.81"/>
  <testcase name="user click button login" classname="Verify user successfully login when input valid email and password" time="0.808"/>
  <testcase name="user successfully login" classname="Verify user successfully login when input valid email and password" time="0"/>
  <testcase name="Verify user successfully login when input valid email and password" classname="Verify user successfully login when input valid email and password" time="2.053"/>
  <testcase name="user is on login page" classname="User perform operator addition" time="0.006"/>
  <testcase name="user input username &quot;admin&quot;" classname="User perform operator addition" time="1.381"/>
  <testcase name="user input password &quot;admin&quot;" classname="User perform operator addition" time="0.829"/>
  <testcase name="user click button login" classname="User perform operator addition" time="0.799"/>
  <testcase name="user input number1 5" classname="User perform operator addition" time="1.633"/>
  <testcase name="user input number2 3" classname="User perform operator addition" time="0.665"/>
  <testcase name="user select operators addition" classname="User perform operator addition" time="1.852"/>
  <testcase name="user click button equals" classname="User perform operator addition" time="0.141"/>
  <testcase name="Results showing addition calculations" classname="User perform operator addition" time="0.076"/>
  <testcase name="User perform operator addition" classname="User perform operator addition" time="1.72"/>
  <testcase name="user is on login page" classname="User perform operator subtraction" time="0.007"/>
  <testcase name="user input username &quot;admin&quot;" classname="User perform operator subtraction" time="1.505"/>
  <testcase name="user input password &quot;admin&quot;" classname="User perform operator subtraction" time="0.765"/>
  <testcase name="user click button login" classname="User perform operator subtraction" time="0.149"/>
  <testcase name="user input number1 40" classname="User perform operator subtraction" time="2.201"/>
  <testcase name="user input number2 20" classname="User perform operator subtraction" time="1.16"/>
  <testcase name="user select operators subtraction" classname="User perform operator subtraction" time="1.91"/>
  <testcase name="user click button equals" classname="User perform operator subtraction" time="0.163"/>
  <testcase name="Results showing subtraction calculations" classname="User perform operator subtraction" time="0.067"/>
  <testcase name="User perform operator subtraction" classname="User perform operator subtraction" time="1.685"/>
  <testcase name="user is on login page" classname="User perform operator division" time="0.006"/>
  <testcase name="user input username &quot;admin&quot;" classname="User perform operator division" time="1.424"/>
  <testcase name="user input password &quot;admin&quot;" classname="User perform operator division" time="1.346"/>
  <testcase name="user click button login" classname="User perform operator division" time="0.192"/>
  <testcase name="user input number1 50" classname="User perform operator division" time="1.931"/>
  <testcase name="user input number2 4" classname="User perform operator division" time="1.131"/>
  <testcase name="user select operators division" classname="User perform operator division" time="2.043"/>
  <testcase name="user click button equals" classname="User perform operator division" time="0.135"/>
  <testcase name="Results showing division calculations" classname="User perform operator division" time="0.082"/>
  <testcase name="User perform operator division" classname="User perform operator division" time="1.525"/>
  <testcase name="user is on login page" classname="User perform operator multiplication" time="0.007"/>
  <testcase name="user input username &quot;admin&quot;" classname="User perform operator multiplication" time="0.79"/>
  <testcase name="user input password &quot;admin&quot;" classname="User perform operator multiplication" time="0.812"/>
  <testcase name="user click button login" classname="User perform operator multiplication" time="0.182"/>
  <testcase name="user input number1 6" classname="User perform operator multiplication" time="2.519"/>
  <testcase name="user input number2 9" classname="User perform operator multiplication" time="0.718"/>
  <testcase name="user select operators multiplication" classname="User perform operator multiplication" time="2.025"/>
  <testcase name="user click button equals" classname="User perform operator multiplication" time="0.14"/>
  <testcase name="Results showing multiplication calculations" classname="User perform operator multiplication" time="0.084"/>
  <testcase name="User perform operator multiplication" classname="User perform operator multiplication" time="1.754"/>
  <testcase name="user is on login page" classname="Verify navigation menu after user success login" time="0.007"/>
  <testcase name="user input username &quot;admin&quot;" classname="Verify navigation menu after user success login" time="0.85"/>
  <testcase name="user input password &quot;admin&quot;" classname="Verify navigation menu after user success login" time="1.368"/>
  <testcase name="user click button login" classname="Verify navigation menu after user success login" time="0.153"/>
  <testcase name="user click navigation menu" classname="Verify navigation menu after user success login" time="4.812"/>
  <testcase name="Verify navigation menu after user success login" classname="Verify navigation menu after user success login" time="6.708"/>
</testsuite>